<?xml version="1.0" encoding="UTF-8"?>
<testsuite name="petstore.Pet" tests="1" skipped="0" failures="0" errors="0" timestamp="2021-08-12T23:54:17" hostname="LAPTOP-HSPONGJD" time="2.277">
  <properties/>
  <testcase name="consultarPet" classname="petstore.Pet" time="2.277"/>
  <system-out><![CDATA[Request method:	GET
Request URI:	https://petstore.swagger.io/v2/pet/15488965
Proxy:			<none>
Request params:	<none>
Query params:	<none>
Form params:	<none>
Path params:	<none>
Headers:		Accept=*/*
				Content-Type=application/json; charset=UTF-8
Cookies:		<none>
Multiparts:		<none>
Body:			<none>
HTTP/1.1 200 OK
Date: Thu, 12 Aug 2021 23:54:19 GMT
Content-Type: application/json
Transfer-Encoding: chunked
Connection: keep-alive
Access-Control-Allow-Origin: *
Access-Control-Allow-Methods: GET, POST, DELETE, PUT
Access-Control-Allow-Headers: Content-Type, api_key, Authorization
Server: Jetty(9.2.9.v20150224)

{
    "id": 15488965,
    "category": {
        "id": 1,
        "name": "Dog"
    },
    "name": "Iron",
    "photoUrls": [
        "string"
    ],
    "tags": [
        {
            "id": 2021,
            "name": "Yorkshire"
        }
    ],
    "status": "Atendido"
}
]]></system-out>
  <system-err><![CDATA[]]></system-err>
</testsuite>
