<?xml version="1.0" encoding="UTF-8"?>
<testsuite name="petstore.Pet" tests="1" skipped="0" failures="0" errors="0" timestamp="2021-08-16T23:03:29" hostname="LAPTOP-HSPONGJD" time="0.003">
  <properties/>
  <testcase name="alterarPet" classname="petstore.Pet" time="0.003"/>
  <system-out><![CDATA[]]></system-out>
  <system-err><![CDATA[]]></system-err>
</testsuite>
